<?xml version="1.0" encoding="UTF-8"?>
<testsuite xmlns:xsi="http://www.w3.org/2001/XMLSchema-instance" xsi:noNamespaceSchemaLocation="https://maven.apache.org/surefire/maven-surefire-plugin/xsd/surefire-test-report.xsd" version="3.0.2" name="com.sunrisedental.service.PatientServiceTest" time="0.264" tests="34" errors="0" skipped="0" failures="0">
  <properties>
[...]
</properties>
  <testcase name="shouldRejectNullContactNumber" classname="com.sunrisedental.service.PatientServiceTest" time="0.054"/>
  <testcase name="shouldAcceptNullEmailDuringValidation" classname="com.sunrisedental.service.PatientServiceTest" time="0.001"/>
  <testcase name="shouldRejectBlankPatientName" classname="com.sunrisedental.service.PatientServiceTest" time="0.003"/>
  <testcase name="shouldRejectNegativeDentistIdWhenSearchingPatients" classname="com.sunrisedental.service.PatientServiceTest" time="0.004"/>
  <testcase name="shouldRejectAddressLongerThan255Characters" classname="com.sunrisedental.service.PatientServiceTest" time="0.007"/>
  <testcase name="shouldRejectContactNumberContainingLetters" classname="com.sunrisedental.service.PatientServiceTest" time="0.002"/>
  <testcase name="shouldRejectNegativeDentistIdWhenGettingPatients" classname="com.sunrisedental.service.PatientServiceTest" time="0.004"/>
  <testcase name="shouldRejectInvalidEmailWithSpaces" classname="com.sunrisedental.service.PatientServiceTest" time="0.005"/>
  <testcase name="shouldRejectContactNumberLongerThanTenDigits" classname="com.sunrisedental.service.PatientServiceTest" time="0.003"/>
  <testcase name="shouldRejectEmptyPatientName" classname="com.sunrisedental.service.PatientServiceTest" time="0.002"/>
  <testcase name="shouldRejectInvalidNameWhenUpdatingPatient" classname="com.sunrisedental.service.PatientServiceTest" time="0.002"/>
  <testcase name="shouldRejectInvalidEmailWithoutDomain" classname="com.sunrisedental.service.PatientServiceTest" time="0.004"/>
  <testcase name="shouldRejectZeroPatientIdWhenDeletingPatient" classname="com.sunrisedental.service.PatientServiceTest" time="0.002"/>
  <testcase name="shouldRejectInvalidContactNumberWhenUpdatingPatient" classname="com.sunrisedental.service.PatientServiceTest" time="0.003"/>
  <testcase name="shouldRejectBlankContactNumber" classname="com.sunrisedental.service.PatientServiceTest" time="0.007"/>
  <testcase name="shouldRejectZeroPatientIdWhenUpdatingPatient" classname="com.sunrisedental.service.PatientServiceTest" time="0.004"/>
  <testcase name="shouldRejectPatientNameContainingNumbers" classname="com.sunrisedental.service.PatientServiceTest" time="0.004"/>
  <testcase name="shouldRejectZeroPatientIdWhenGettingPatient" classname="com.sunrisedental.service.PatientServiceTest" time="0.002"/>
  <testcase name="shouldRejectContactNumberShorterThanTenDigits" classname="com.sunrisedental.service.PatientServiceTest" time="0.001"/>
  <testcase name="shouldRejectContactNumberContainingSymbols" classname="com.sunrisedental.service.PatientServiceTest" time="0.003"/>
  <testcase name="shouldRejectBlankAddress" classname="com.sunrisedental.service.PatientServiceTest" time="0.003"/>
  <testcase name="shouldRejectZeroDentistIdWhenGettingPatients" classname="com.sunrisedental.service.PatientServiceTest" time="0.002"/>
  <testcase name="shouldRejectInvalidEmailWithoutAtSymbol" classname="com.sunrisedental.service.PatientServiceTest" time="0.002"/>
  <testcase name="shouldRejectZeroDentistIdWhenSearchingPatients" classname="com.sunrisedental.service.PatientServiceTest" time="0.004"/>
  <testcase name="shouldRejectNullAddress" classname="com.sunrisedental.service.PatientServiceTest" time="0.002"/>
  <testcase name="shouldRejectEmptyAddress" classname="com.sunrisedental.service.PatientServiceTest" time="0.003"/>
  <testcase name="shouldRejectPatientNameContainingInvalidSymbols" classname="com.sunrisedental.service.PatientServiceTest" time="0.002"/>
  <testcase name="shouldRejectNullPatient" classname="com.sunrisedental.service.PatientServiceTest" time="0.002"/>
  <testcase name="shouldRejectEmptyContactNumber" classname="com.sunrisedental.service.PatientServiceTest" time="0.008"/>
  <testcase name="shouldRejectNullPatientName" classname="com.sunrisedental.service.PatientServiceTest" time="0.002"/>
  <testcase name="shouldRejectNegativePatientIdWhenDeletingPatient" classname="com.sunrisedental.service.PatientServiceTest" time="0.002"/>
  <testcase name="shouldRejectPatientNameShorterThanTwoCharacters" classname="com.sunrisedental.service.PatientServiceTest" time="0.004"/>
  <testcase name="shouldRejectNegativePatientIdWhenUpdatingPatient" classname="com.sunrisedental.service.PatientServiceTest" time="0.002"/>
  <testcase name="shouldRejectNegativePatientIdWhenGettingPatient" classname="com.sunrisedental.service.PatientServiceTest" time="0.003"/>
</testsuite>