<?xml version="1.0" encoding="UTF-8"?>
<testsuite xmlns:xsi="http://www.w3.org/2001/XMLSchema-instance" xsi:noNamespaceSchemaLocation="https://maven.apache.org/surefire/maven-surefire-plugin/xsd/surefire-test-report.xsd" version="3.0.2" name="com.sunrisedental.service.AppointmentServiceTest" time="0.254" tests="43" errors="0" skipped="0" failures="0">
  <properties>
[...]
</properties>
  <testcase name="shouldRejectPastAppointmentDate" classname="com.sunrisedental.service.AppointmentServiceTest" time="0.066"/>
  <testcase name="shouldRejectMissingAppointmentNumber" classname="com.sunrisedental.service.AppointmentServiceTest" time="0.011"/>
  <testcase name="shouldRejectDefaultTreatmentOption" classname="com.sunrisedental.service.AppointmentServiceTest" time="0.004"/>
  <testcase name="shouldRejectInvalidAppointmentDateFormat" classname="com.sunrisedental.service.AppointmentServiceTest" time="0.003"/>
  <testcase name="shouldRejectEmptyAppointmentNumberWhenUpdatingStatus" classname="com.sunrisedental.service.AppointmentServiceTest" time="0.003"/>
  <testcase name="shouldRejectNullAppointmentNumberWhenFindingAppointment" classname="com.sunrisedental.service.AppointmentServiceTest" time="0.002"/>
  <testcase name="shouldRejectInvalidDentistIdWhenLoadingSchedule" classname="com.sunrisedental.service.AppointmentServiceTest" time="0.002"/>
  <testcase name="shouldRejectNullTreatment" classname="com.sunrisedental.service.AppointmentServiceTest" time="0.002"/>
  <testcase name="shouldRejectInvalidDentistIdWhenGettingAppointments" classname="com.sunrisedental.service.AppointmentServiceTest" time="0.002"/>
  <testcase name="shouldRejectInvalidAppointmentTimeFormat" classname="com.sunrisedental.service.AppointmentServiceTest" time="0.002"/>
  <testcase name="shouldRejectNullScheduleDate" classname="com.sunrisedental.service.AppointmentServiceTest" time="0.002"/>
  <testcase name="shouldRejectEmptyAppointmentNumberWhenCancelling" classname="com.sunrisedental.service.AppointmentServiceTest" time="0.003"/>
  <testcase name="shouldRejectNullAppointmentNumber" classname="com.sunrisedental.service.AppointmentServiceTest" time="0.002"/>
  <testcase name="shouldRejectInvalidDentistId" classname="com.sunrisedental.service.AppointmentServiceTest" time="0.002"/>
  <testcase name="shouldRejectNullAppointmentStatus" classname="com.sunrisedental.service.AppointmentServiceTest" time="0.002"/>
  <testcase name="shouldRejectInvalidDentistIdForTodayCompletedCount" classname="com.sunrisedental.service.AppointmentServiceTest" time="0.003"/>
  <testcase name="shouldRejectNegativeDentistId" classname="com.sunrisedental.service.AppointmentServiceTest" time="0.002"/>
  <testcase name="shouldRejectEmptyScheduleDate" classname="com.sunrisedental.service.AppointmentServiceTest" time="0.002"/>
  <testcase name="shouldRejectNullAppointment" classname="com.sunrisedental.service.AppointmentServiceTest" time="0.002"/>
  <testcase name="shouldRejectBlankAppointmentNumberWhenCancelling" classname="com.sunrisedental.service.AppointmentServiceTest" time="0.003"/>
  <testcase name="shouldRejectAppointmentBeforeOpeningTime" classname="com.sunrisedental.service.AppointmentServiceTest" time="0.003"/>
  <testcase name="shouldRejectEmptyAppointmentNumberWhenFindingAppointment" classname="com.sunrisedental.service.AppointmentServiceTest" time="0.005"/>
  <testcase name="shouldRejectNullAppointmentDate" classname="com.sunrisedental.service.AppointmentServiceTest" time="0.003"/>
  <testcase name="shouldRejectNullAppointmentTime" classname="com.sunrisedental.service.AppointmentServiceTest" time="0.002"/>
  <testcase name="shouldRejectNullAppointmentNumberWhenUpdatingStatus" classname="com.sunrisedental.service.AppointmentServiceTest" time="0.002"/>
  <testcase name="shouldRejectInvalidTextAppointmentDate" classname="com.sunrisedental.service.AppointmentServiceTest" time="0.003"/>
  <testcase name="shouldRejectInvalidTextAppointmentTime" classname="com.sunrisedental.service.AppointmentServiceTest" time="0.001"/>
  <testcase name="shouldRejectEmptyTreatment" classname="com.sunrisedental.service.AppointmentServiceTest" time="0.002"/>
  <testcase name="shouldRejectNegativeDentistIdWhenGettingAppointments" classname="com.sunrisedental.service.AppointmentServiceTest" time="0.001"/>
  <testcase name="shouldRejectNullAppointmentNumberWhenCancelling" classname="com.sunrisedental.service.AppointmentServiceTest" time="0.001"/>
  <testcase name="shouldRejectEmptyAppointmentStatus" classname="com.sunrisedental.service.AppointmentServiceTest" time="0.001"/>
  <testcase name="shouldRejectInvalidDentistIdForTodayAppointmentCount" classname="com.sunrisedental.service.AppointmentServiceTest" time="0.002"/>
  <testcase name="shouldRejectBlankTreatment" classname="com.sunrisedental.service.AppointmentServiceTest" time="0.003"/>
  <testcase name="shouldRejectInvalidPatientId" classname="com.sunrisedental.service.AppointmentServiceTest" time="0.002"/>
  <testcase name="shouldRejectNegativePatientId" classname="com.sunrisedental.service.AppointmentServiceTest" time="0.003"/>
  <testcase name="shouldRejectBlankAppointmentNumberWhenFindingAppointment" classname="com.sunrisedental.service.AppointmentServiceTest" time="0.002"/>
  <testcase name="shouldRejectBlankAppointmentStatus" classname="com.sunrisedental.service.AppointmentServiceTest" time="0.001"/>
  <testcase name="shouldRejectAppointmentAfterClosingTime" classname="com.sunrisedental.service.AppointmentServiceTest" time="0.002"/>
  <testcase name="shouldRejectBlankScheduleDate" classname="com.sunrisedental.service.AppointmentServiceTest" time="0.002"/>
  <testcase name="shouldRejectInvalidDentistIdForTodayPendingCount" classname="com.sunrisedental.service.AppointmentServiceTest" time="0.001"/>
  <testcase name="shouldRejectInvalidDentistIdWhenSearchingAppointments" classname="com.sunrisedental.service.AppointmentServiceTest" time="0.002"/>
  <testcase name="shouldRejectEmptyAppointmentDate" classname="com.sunrisedental.service.AppointmentServiceTest" time="0.006"/>
  <testcase name="shouldRejectEmptyAppointmentTime" classname="com.sunrisedental.service.AppointmentServiceTest" time="0.001"/>
</testsuite>